\BOOKMARK [1][-]{section.1}{\376\377\000C\000M\000\040\0001\000\040\000-\000\040\0005\000\040\000s\000e\000p\000t\000e\000m\000b\000r\000e\000\040\0002\0000\0002\0002}{}% 1
\BOOKMARK [2][-]{subsection.1.1}{\376\377\000L\000e\000s\000\040\000t\000e\000c\000h\000n\000o\000l\000o\000g\000i\000e\000s\000\040\000s\000a\000n\000s\000\040\000f\000i\000l\000s}{section.1}% 2
\BOOKMARK [2][-]{subsection.1.2}{\376\377\000O\000r\000g\000a\000n\000i\000s\000m\000e\000\040\000r\000\351\000g\000u\000l\000a\000t\000e\000u\000r\000s}{section.1}% 3
\BOOKMARK [2][-]{subsection.1.3}{\376\377\000P\000o\000r\000t\000\351\000e\000\040\000d\000u\000\040\000s\000i\000g\000n\000a\000l}{section.1}% 4
\BOOKMARK [2][-]{subsection.1.4}{\376\377\000R\000a\000p\000p\000e\000l\000\040\000c\000o\000l\000l\000i\000s\000i\000o\000n\000s\000\040\000e\000t\000\040\000i\000n\000t\000r\000e\000r\000f\000\351\000r\000e\000n\000c\000e\000s}{section.1}% 5
\BOOKMARK [2][-]{subsection.1.5}{\376\377\000B\000a\000n\000d\000e\000\040\000I\000S\000M}{section.1}% 6
\BOOKMARK [2][-]{subsection.1.6}{\376\377\000L\000e\000s\000\040\000t\000o\000p\000o\000l\000o\000g\000i\000e\000s\000\040\000d\000e\000\040\000b\000a\000s\000e}{section.1}% 7
\BOOKMARK [2][-]{subsection.1.7}{\376\377\000M\000o\000d\000e\000\040\000i\000n\000f\000r\000a\000s\000c\000t\000u\000c\000t\000u\000r\000e}{section.1}% 8
\BOOKMARK [2][-]{subsection.1.8}{\376\377\000M\000o\000d\000e\000\040\000r\000\351\000p\000\351\000t\000e\000u\000r\000\040\000\050\000r\000e\000p\000e\000a\000t\000e\000r\000s\000\051}{section.1}% 9
\BOOKMARK [2][-]{subsection.1.9}{\376\377\000S\000\351\000c\000u\000r\000i\000s\000e\000r\000\040\000s\000o\000n\000\040\000r\000\351\000s\000e\000a\000u}{section.1}% 10
\BOOKMARK [2][-]{subsection.1.10}{\376\377\000P\000i\000r\000a\000t\000e\000r\000\040\000s\000o\000n\000\040\000r\000\351\000s\000e\000a\000u}{section.1}% 11
\BOOKMARK [1][-]{section.2}{\376\377\000C\000M\000\040\0002\000\040\000-\000\040\0001\0002\000\040\000s\000e\000p\000t\000e\000m\000b\000r\000e\000\040\0002\0000\0002\0002}{}% 12
\BOOKMARK [2][-]{subsection.2.1}{\376\377\000L\000a\000\040\000t\000r\000a\000n\000s\000m\000i\000s\000s\000i\000o\000n\000\040\000h\000e\000r\000t\000z\000i\000e\000n\000n\000e}{section.2}% 13
\BOOKMARK [1][-]{section.3}{\376\377\000T\000D\000\040\0002\000\040\000-\000\040\0001\0002\000\040\000s\000e\000p\000t\000e\000m\000b\000r\000e\000\040\0002\0000\0002\0002}{}% 14
\BOOKMARK [2][-]{subsection.3.1}{\376\377\000Q\000u\000e\000s\000t\000i\000o\000n\000\040\0001}{section.3}% 15
\BOOKMARK [2][-]{subsection.3.2}{\376\377\000Q\000u\000e\000s\000t\000i\000o\000n\000\040\0002}{section.3}% 16
\BOOKMARK [2][-]{subsection.3.3}{\376\377\000Q\000u\000e\000s\000t\000i\000o\000n\000\040\0003}{section.3}% 17
\BOOKMARK [2][-]{subsection.3.4}{\376\377\000Q\000u\000e\000s\000t\000i\000o\000n\000\040\0004}{section.3}% 18
\BOOKMARK [2][-]{subsection.3.5}{\376\377\000Q\000u\000e\000s\000t\000i\000o\000n\000\040\0005}{section.3}% 19
\BOOKMARK [2][-]{subsection.3.6}{\376\377\000Q\000u\000e\000s\000t\000i\000o\000n\000\040\0006}{section.3}% 20
\BOOKMARK [2][-]{subsection.3.7}{\376\377\000Q\000u\000e\000s\000t\000i\000o\000n\000\040\0007}{section.3}% 21
\BOOKMARK [2][-]{subsection.3.8}{\376\377\000Q\000u\000e\000s\000t\000i\000o\000n\000\040\0008}{section.3}% 22
\BOOKMARK [2][-]{subsection.3.9}{\376\377\000Q\000u\000e\000s\000t\000i\000o\000n\000\040\0009}{section.3}% 23
\BOOKMARK [2][-]{subsection.3.10}{\376\377\000Q\000u\000e\000s\000t\000i\000o\000n\000\040\0001\0000}{section.3}% 24
\BOOKMARK [2][-]{subsection.3.11}{\376\377\000Q\000u\000e\000s\000t\000i\000o\000n\000\040\0001\0001}{section.3}% 25
\BOOKMARK [2][-]{subsection.3.12}{\376\377\000Q\000u\000e\000s\000t\000i\000o\000n\000\040\0001\0002}{section.3}% 26
\BOOKMARK [2][-]{subsection.3.13}{\376\377\000Q\000u\000e\000s\000t\000i\000o\000n\000\040\0001\0003}{section.3}% 27
\BOOKMARK [2][-]{subsection.3.14}{\376\377\000Q\000u\000e\000s\000t\000i\000o\000n\000\040\0001\0004}{section.3}% 28
